<?xml version="1.0" encoding="UTF-8"?>
<testsuite name="Login Test"
           tests="2"
           failures="0"
           errors="0"
           skipped="0"
           time="16.252">
  <properties />
  
  
            <testcase name="verifyProductArrangeInAlphaBaticalOrder" time="1.194" classname="com.nopcommerce.demo.testsuite.ComputerTest" />
                <testcase name="verifyProductAddedToShoppingCartSuccessFully" time="15.058" classname="com.nopcommerce.demo.testsuite.ComputerTest" />
      
</testsuite>
