<?xml version="1.0" encoding="UTF-8"?>
<testng-results skipped="0" failed="1" ignored="0" total="5" passed="4">
  <reporter-output>
    <line>
      <![CDATA[Click on Desktop[[ChromeDriver: chrome on WINDOWS (a72c2f0b5f1ac0441ef2a7d6b974aa57)] -> link text: Desktops]]]>
    </line>
    <line>
      <![CDATA[Select by nameName: A to Z to name field [[ChromeDriver: chrome on WINDOWS (a72c2f0b5f1ac0441ef2a7d6b974aa57)] -> name: products-orderby]]]>
    </line>
    <line>
      <![CDATA[Click on Element[[ChromeDriver: chrome on WINDOWS (a72c2f0b5f1ac0441ef2a7d6b974aa57)] -> xpath: //body/div[6]/div[3]/div[1]/div[3]/div[1]/div[2]/div[2]/div[2]/div[1]/div[1]/div[1]/div[1]/div[2]/div[3]/div[2]/button[1]]]]>
    </line>
    <line>
      <![CDATA[Verify Text Build your own computer [[ChromeDriver: chrome on WINDOWS (a72c2f0b5f1ac0441ef2a7d6b974aa57)] -> xpath: //h1[contains(text(),'Build your own computer')]]]]>
    </line>
    <line>
      <![CDATA[select processor 1 to select processor field [[ChromeDriver: chrome on WINDOWS (a72c2f0b5f1ac0441ef2a7d6b974aa57)] -> name: product_attribute_1]]]>
    </line>
    <line>
      <![CDATA[Select Ram5 select ram field [[ChromeDriver: chrome on WINDOWS (a72c2f0b5f1ac0441ef2a7d6b974aa57)] -> name: product_attribute_2]]]>
    </line>
    <line>
      <![CDATA[Select HDD Radio Button[[ChromeDriver: chrome on WINDOWS (a72c2f0b5f1ac0441ef2a7d6b974aa57)] -> xpath: //input[@id='product_attribute_3_7']]]]>
    </line>
    <line>
      <![CDATA[Select OS Vista Primium[[ChromeDriver: chrome on WINDOWS (a72c2f0b5f1ac0441ef2a7d6b974aa57)] -> xpath: //input[@id='product_attribute_4_9']]]]>
    </line>
    <line>
      <![CDATA[Select Software [[ChromeDriver: chrome on WINDOWS (a72c2f0b5f1ac0441ef2a7d6b974aa57)] -> xpath: //input[@id='product_attribute_5_12']]]]>
    </line>
    <line>
      <![CDATA[Verify Price[[ChromeDriver: chrome on WINDOWS (a72c2f0b5f1ac0441ef2a7d6b974aa57)] -> xpath: //span[text() = '$1,475.00']]]]>
    </line>
    <line>
      <![CDATA[Click on Addcart Button[[ChromeDriver: chrome on WINDOWS (a72c2f0b5f1ac0441ef2a7d6b974aa57)] -> xpath: //button[@id='add-to-cart-button-1']]]]>
    </line>
    <line>
      <![CDATA[Verify message on greenbar[[ChromeDriver: chrome on WINDOWS (a72c2f0b5f1ac0441ef2a7d6b974aa57)] -> xpath: //body[1]/div[5]/div[1]/p[1]]]]>
    </line>
    <line>
      <![CDATA[Click on closebar[[ChromeDriver: chrome on WINDOWS (a72c2f0b5f1ac0441ef2a7d6b974aa57)] -> xpath: //body[1]/div[5]/div[1]/span[1]]]]>
    </line>
    <line>
      <![CDATA[Mouse hoover on shopping cart[[ChromeDriver: chrome on WINDOWS (a72c2f0b5f1ac0441ef2a7d6b974aa57)] -> xpath: //span[contains(text(),'Shopping cart')]]]]>
    </line>
    <line>
      <![CDATA[Click on shopping cart[[ChromeDriver: chrome on WINDOWS (a72c2f0b5f1ac0441ef2a7d6b974aa57)] -> xpath: //button[contains(text(),'Go to cart')]]]]>
    </line>
    <line>
      <![CDATA[Verify shopping cart text: [[ChromeDriver: chrome on WINDOWS (a72c2f0b5f1ac0441ef2a7d6b974aa57)] -> xpath: //div[@class='page-title']/h1[contains(text(),'Shopping cart')]]]]>
    </line>
    <line>
      <![CDATA[Update quantity ]]>
    </line>
    <line>
      <![CDATA[Update shopping cart: [[ChromeDriver: chrome on WINDOWS (a72c2f0b5f1ac0441ef2a7d6b974aa57)] -> xpath: //button[@id='updatecart']]]]>
    </line>
    <line>
      <![CDATA[Verify the total price: [[ChromeDriver: chrome on WINDOWS (a72c2f0b5f1ac0441ef2a7d6b974aa57)] -> xpath: //span[@class='product-subtotal'][text()='$2,950.00']]]]>
    </line>
    <line>
      <![CDATA[Click on the checkbox to accept terms:[[ChromeDriver: chrome on WINDOWS (a72c2f0b5f1ac0441ef2a7d6b974aa57)] -> id: termsofservice]]]>
    </line>
    <line>
      <![CDATA[Click on checkout button [[ChromeDriver: chrome on WINDOWS (a72c2f0b5f1ac0441ef2a7d6b974aa57)] -> xpath: //button[@id='checkout']]]]>
    </line>
    <line>
      <![CDATA[Verify welcome text[[ChromeDriver: chrome on WINDOWS (a72c2f0b5f1ac0441ef2a7d6b974aa57)] -> xpath: //h1[text()='Welcome, Please Sign In!']]]]>
    </line>
    <line>
      <![CDATA[Click on As guest button [[ChromeDriver: chrome on WINDOWS (a72c2f0b5f1ac0441ef2a7d6b974aa57)] -> xpath: //button[text()= 'Checkout as Guest']]]]>
    </line>
    <line>
      <![CDATA[Enter First name Jane to firstname field [[ChromeDriver: chrome on WINDOWS (a72c2f0b5f1ac0441ef2a7d6b974aa57)] -> id: BillingNewAddress_FirstName]]]>
    </line>
    <line>
      <![CDATA[Enter Lastname Taylor to lastname field [[ChromeDriver: chrome on WINDOWS (a72c2f0b5f1ac0441ef2a7d6b974aa57)] -> id: BillingNewAddress_LastName]]]>
    </line>
    <line>
      <![CDATA[Enter Email jane@example.com to Email field [[ChromeDriver: chrome on WINDOWS (a72c2f0b5f1ac0441ef2a7d6b974aa57)] -> id: BillingNewAddress_Email]]]>
    </line>
    <line>
      <![CDATA[Enter Country 233 to country field [[ChromeDriver: chrome on WINDOWS (a72c2f0b5f1ac0441ef2a7d6b974aa57)] -> id: BillingNewAddress_CountryId]]]>
    </line>
    <line>
      <![CDATA[Enter StateField 0 to State field [[ChromeDriver: chrome on WINDOWS (a72c2f0b5f1ac0441ef2a7d6b974aa57)] -> id: BillingNewAddress_StateProvinceId]]]>
    </line>
    <line>
      <![CDATA[Enter city London to city field [[ChromeDriver: chrome on WINDOWS (a72c2f0b5f1ac0441ef2a7d6b974aa57)] -> id: BillingNewAddress_City]]]>
    </line>
    <line>
      <![CDATA[Enter Address 4,Oxford Street to Address field [[ChromeDriver: chrome on WINDOWS (a72c2f0b5f1ac0441ef2a7d6b974aa57)] -> id: BillingNewAddress_Address1]]]>
    </line>
    <line>
      <![CDATA[Enter Zipcode W4 2AB to Zipcode field [[ChromeDriver: chrome on WINDOWS (a72c2f0b5f1ac0441ef2a7d6b974aa57)] -> id: BillingNewAddress_ZipPostalCode]]]>
    </line>
    <line>
      <![CDATA[Enter PhoneNumber 5665995116994 to Phonenumber field [[ChromeDriver: chrome on WINDOWS (a72c2f0b5f1ac0441ef2a7d6b974aa57)] -> id: BillingNewAddress_PhoneNumber]]]>
    </line>
    <line>
      <![CDATA[Click on checkout Button [[ChromeDriver: chrome on WINDOWS (a72c2f0b5f1ac0441ef2a7d6b974aa57)] -> xpath: //div[1]/button[4]]]]>
    </line>
    <line>
      <![CDATA[Click on radio button for next day air shipping: [[ChromeDriver: chrome on WINDOWS (a72c2f0b5f1ac0441ef2a7d6b974aa57)] -> id: shippingoption_1]]]>
    </line>
    <line>
      <![CDATA[Click on continue button [[ChromeDriver: chrome on WINDOWS (a72c2f0b5f1ac0441ef2a7d6b974aa57)] -> xpath: //body/div[6]/div[3]/div[1]/div[1]/div[1]/div[2]/ol[1]/li[3]/div[2]/form[1]/div[2]/button[1]]]]>
    </line>
    <line>
      <![CDATA[Click on credit card [[ChromeDriver: chrome on WINDOWS (a72c2f0b5f1ac0441ef2a7d6b974aa57)] -> css selector: #paymentmethod_1]]]>
    </line>
    <line>
      <![CDATA[Click on continue button [[ChromeDriver: chrome on WINDOWS (a72c2f0b5f1ac0441ef2a7d6b974aa57)] -> xpath: //ol[1]/li[4]/div[2]/div[1]/button[1]]]]>
    </line>
    <line>
      <![CDATA[Enter the cardholder name in name field [[ChromeDriver: chrome on WINDOWS (a72c2f0b5f1ac0441ef2a7d6b974aa57)] -> id: CardholderName]]]>
    </line>
    <line>
      <![CDATA[Enter the card number in number field [[ChromeDriver: chrome on WINDOWS (a72c2f0b5f1ac0441ef2a7d6b974aa57)] -> id: CardNumber]]]>
    </line>
    <line>
      <![CDATA[Select the expiry month from list [[ChromeDriver: chrome on WINDOWS (a72c2f0b5f1ac0441ef2a7d6b974aa57)] -> id: ExpireMonth]]]>
    </line>
    <line>
      <![CDATA[Select the expiry year from list [[ChromeDriver: chrome on WINDOWS (a72c2f0b5f1ac0441ef2a7d6b974aa57)] -> id: ExpireYear]]]>
    </line>
    <line>
      <![CDATA[Enter card code [[ChromeDriver: chrome on WINDOWS (a72c2f0b5f1ac0441ef2a7d6b974aa57)] -> id: CardCode]]]>
    </line>
    <line>
      <![CDATA[Click on continue button [[ChromeDriver: chrome on WINDOWS (a72c2f0b5f1ac0441ef2a7d6b974aa57)] -> xpath: //button[@class='button-1 payment-info-next-step-button']]]]>
    </line>
    <line>
      <![CDATA[Verify credit card payment method[[ChromeDriver: chrome on WINDOWS (a72c2f0b5f1ac0441ef2a7d6b974aa57)] -> xpath: //span[contains(text(),'Credit Card')]]]]>
    </line>
    <line>
      <![CDATA[Verify shipping method[[ChromeDriver: chrome on WINDOWS (a72c2f0b5f1ac0441ef2a7d6b974aa57)] -> xpath: //div[1]/div[2]/div[2]/ul[1]/li[1]/span[2]]]]>
    </line>
    <line>
      <![CDATA[verify total price[[ChromeDriver: chrome on WINDOWS (a72c2f0b5f1ac0441ef2a7d6b974aa57)] -> xpath: //tbody/tr[4]/td[2]/span[1]/strong[1]]]]>
    </line>
    <line>
      <![CDATA[click on confirm[[ChromeDriver: chrome on WINDOWS (a72c2f0b5f1ac0441ef2a7d6b974aa57)] -> xpath: //button[contains(text(),'Confirm')]]]]>
    </line>
    <line>
      <![CDATA[Verify Thank you Text [[ChromeDriver: chrome on WINDOWS (a72c2f0b5f1ac0441ef2a7d6b974aa57)] -> xpath: //h1[contains(text(),'Thank you')]]]]>
    </line>
    <line>
      <![CDATA[Verify success order text[[ChromeDriver: chrome on WINDOWS (a72c2f0b5f1ac0441ef2a7d6b974aa57)] -> xpath: //strong[contains(text(),'Your order has been successfully processed!')]]]]>
    </line>
    <line>
      <![CDATA[Click on continue [[ChromeDriver: chrome on WINDOWS (a72c2f0b5f1ac0441ef2a7d6b974aa57)] -> xpath: //button[contains(text(),'Continue')]]]]>
    </line>
    <line>
      <![CDATA[Verify welcome Text[[ChromeDriver: chrome on WINDOWS (a72c2f0b5f1ac0441ef2a7d6b974aa57)] -> xpath: //h2[contains(text(),'Welcome to our store')]]]]>
    </line>
    <line>
      <![CDATA[Click on Desktop[[ChromeDriver: chrome on WINDOWS (7b73f2f9b522c4e521d9c32a36cd5124)] -> link text: Desktops]]]>
    </line>
    <line>
      <![CDATA[Select by nameName: Z to A to name field [[ChromeDriver: chrome on WINDOWS (7b73f2f9b522c4e521d9c32a36cd5124)] -> name: products-orderby]]]>
    </line>
    <line>
      <![CDATA[Mouse hover on electronics[[ChromeDriver: chrome on WINDOWS (7c8f4498fac7ce83393ea2279740b1a7)] -> xpath: //div/ul[@class='top-menu notmobile']/li[2]/a[@href='/electronics']]]]>
    </line>
    <line>
      <![CDATA[click on cellphone[[ChromeDriver: chrome on WINDOWS (7c8f4498fac7ce83393ea2279740b1a7)] -> xpath: //body[1]/div[6]/div[2]/ul[1]/li[2]/ul[1]/li[2]/a[1]]]]>
    </line>
    <line>
      <![CDATA[Verify cellphone text[[ChromeDriver: chrome on WINDOWS (7c8f4498fac7ce83393ea2279740b1a7)] -> xpath: //div[@class='page-title']/h1[text() = 'Cell phones']]]]>
    </line>
    <line>
      <![CDATA[click on list[[ChromeDriver: chrome on WINDOWS (7c8f4498fac7ce83393ea2279740b1a7)] -> xpath: //div/a[text()='List']]]]>
    </line>
    <line>
      <![CDATA[click on nokia[[ChromeDriver: chrome on WINDOWS (7c8f4498fac7ce83393ea2279740b1a7)] -> xpath: //h2/a[text()='Nokia Lumia 1020']]]]>
    </line>
    <line>
      <![CDATA[Verify Nokia Lumia Text: [[ChromeDriver: chrome on WINDOWS (7c8f4498fac7ce83393ea2279740b1a7)] -> xpath: //h1[contains(text(),'Nokia Lumia 1020')]]]]>
    </line>
    <line>
      <![CDATA[Verify the price [[ChromeDriver: chrome on WINDOWS (7c8f4498fac7ce83393ea2279740b1a7)] -> xpath: //span[@id='price-value-20']]]]>
    </line>
    <line>
      <![CDATA[Update the product quantity [[ChromeDriver: chrome on WINDOWS (7c8f4498fac7ce83393ea2279740b1a7)] -> css selector: #product_enteredQuantity_20]]]>
    </line>
    <line>
      <![CDATA[Click on Nokia to cart [[ChromeDriver: chrome on WINDOWS (7c8f4498fac7ce83393ea2279740b1a7)] -> css selector: #add-to-cart-button-20]]]>
    </line>
    <line>
      <![CDATA[Verify the text product to the cart [[ChromeDriver: chrome on WINDOWS (7c8f4498fac7ce83393ea2279740b1a7)] -> xpath: //body/div[@id='bar-notification']/div[1]/p[1]]]]>
    </line>
    <line>
      <![CDATA[Click on cross button to cancel [[ChromeDriver: chrome on WINDOWS (7c8f4498fac7ce83393ea2279740b1a7)] -> xpath: //body/div[@id='bar-notification']/div[1]/span[1]]]]>
    </line>
    <line>
      <![CDATA[Mouse Hover to shopping cart [[ChromeDriver: chrome on WINDOWS (7c8f4498fac7ce83393ea2279740b1a7)] -> xpath: //span[contains(text(),'Shopping cart')]]]]>
    </line>
    <line>
      <![CDATA[Click on cart button [[ChromeDriver: chrome on WINDOWS (7c8f4498fac7ce83393ea2279740b1a7)] -> xpath: //button[contains(text(),'Go to cart')]]]]>
    </line>
    <line>
      <![CDATA[Verify shopping cart text: [[ChromeDriver: chrome on WINDOWS (7c8f4498fac7ce83393ea2279740b1a7)] -> xpath: //div[@class='page-title']/h1[contains(text(),'Shopping cart')]]]]>
    </line>
    <line>
      <![CDATA[Verify the product quantity[[ChromeDriver: chrome on WINDOWS (7c8f4498fac7ce83393ea2279740b1a7)] -> xpath: //td[@class='quantity']/child::input]]]>
    </line>
    <line>
      <![CDATA[Verify the total price: [[ChromeDriver: chrome on WINDOWS (7c8f4498fac7ce83393ea2279740b1a7)] -> xpath: //tbody/tr[1]/td[6]/span[1]]]]>
    </line>
    <line>
      <![CDATA[Click on term of services: [[ChromeDriver: chrome on WINDOWS (7c8f4498fac7ce83393ea2279740b1a7)] -> id: termsofservice]]]>
    </line>
    <line>
      <![CDATA[Click on checkout button [[ChromeDriver: chrome on WINDOWS (7c8f4498fac7ce83393ea2279740b1a7)] -> xpath: //button[@id='checkout']]]]>
    </line>
    <line>
      <![CDATA[Verify welcome text[[ChromeDriver: chrome on WINDOWS (7c8f4498fac7ce83393ea2279740b1a7)] -> xpath: //h1[text()='Welcome, Please Sign In!']]]]>
    </line>
    <line>
      <![CDATA[click on register tab[[ChromeDriver: chrome on WINDOWS (7c8f4498fac7ce83393ea2279740b1a7)] -> xpath: //button[contains(text(),'Register')]]]]>
    </line>
    <line>
      <![CDATA[Verify register text: [[ChromeDriver: chrome on WINDOWS (7c8f4498fac7ce83393ea2279740b1a7)] -> xpath: //h1[contains(text(),'Register')]]]]>
    </line>
    <line>
      <![CDATA[Enter the first name to field [[ChromeDriver: chrome on WINDOWS (7c8f4498fac7ce83393ea2279740b1a7)] -> id: FirstName]]]>
    </line>
    <line>
      <![CDATA[Enter the last name to field [[ChromeDriver: chrome on WINDOWS (7c8f4498fac7ce83393ea2279740b1a7)] -> id: LastName]]]>
    </line>
    <line>
      <![CDATA[Enter the email to email field [[ChromeDriver: chrome on WINDOWS (7c8f4498fac7ce83393ea2279740b1a7)] -> id: Email]]]>
    </line>
    <line>
      <![CDATA[Enter the password to password field [[ChromeDriver: chrome on WINDOWS (7c8f4498fac7ce83393ea2279740b1a7)] -> id: Password]]]>
    </line>
    <line>
      <![CDATA[Enter the confirm password [[ChromeDriver: chrome on WINDOWS (7c8f4498fac7ce83393ea2279740b1a7)] -> id: ConfirmPassword]]]>
    </line>
    <line>
      <![CDATA[Click in register button [[ChromeDriver: chrome on WINDOWS (7c8f4498fac7ce83393ea2279740b1a7)] -> id: register-button]]]>
    </line>
    <line>
      <![CDATA[Verify the registration [[ChromeDriver: chrome on WINDOWS (7c8f4498fac7ce83393ea2279740b1a7)] -> xpath: //div[contains(text(),'Your registration completed')]]]]>
    </line>
    <line>
      <![CDATA[Click on continue button [[ChromeDriver: chrome on WINDOWS (7c8f4498fac7ce83393ea2279740b1a7)] -> xpath: //a[contains(text(),'Continue')]]]]>
    </line>
    <line>
      <![CDATA[Click on term of services: [[ChromeDriver: chrome on WINDOWS (7c8f4498fac7ce83393ea2279740b1a7)] -> id: termsofservice]]]>
    </line>
    <line>
      <![CDATA[Click to see screenshot]]>
    </line>
    <line>
      <![CDATA[<a target = "_blank" href=C:\Users\Manisha\IdeaProjects\testng-nopcommerce-hw-weel15/test-output/html/verifyThatTheProductAddedSuccessfullyAndPlaceOrderSuccessfullyTue_Dec_13_20_11_10_GMT_2022.jpg>Screenshot</a>]]>
    </line>
    <line>
      <![CDATA[<br>]]>
    </line>
    <line>
      <![CDATA[<br>]]>
    </line>
    <line>
      <![CDATA[<a target = "_blank" href=C:\Users\Manisha\IdeaProjects\testng-nopcommerce-hw-weel15/test-output/html/verifyThatTheProductAddedSuccessfullyAndPlaceOrderSuccessfullyTue_Dec_13_20_11_10_GMT_2022.jpg><img src=C:\Users\Manisha\IdeaProjects\testng-nopcommerce-hw-weel15/test-output/html/verifyThatTheProductAddedSuccessfullyAndPlaceOrderSuccessfullyTue_Dec_13_20_11_10_GMT_2022.jpg height=200 width=200></img></a>]]>
    </line>
    <line>
      <![CDATA[Mouse hover on electronics[[ChromeDriver: chrome on WINDOWS (2d4dcd24451e2533771f90806ee8f441)] -> xpath: //div/ul[@class='top-menu notmobile']/li[2]/a[@href='/electronics']]]]>
    </line>
    <line>
      <![CDATA[click on cellphone[[ChromeDriver: chrome on WINDOWS (2d4dcd24451e2533771f90806ee8f441)] -> xpath: //body[1]/div[6]/div[2]/ul[1]/li[2]/ul[1]/li[2]/a[1]]]]>
    </line>
    <line>
      <![CDATA[Verify cellphone text[[ChromeDriver: chrome on WINDOWS (2d4dcd24451e2533771f90806ee8f441)] -> xpath: //div[@class='page-title']/h1[text() = 'Cell phones']]]]>
    </line>
  </reporter-output>
  <suite name="testsuite" duration-ms="53872" started-at="2022-12-13T20:10:25 GMT" finished-at="2022-12-13T20:11:19 GMT">
    <groups>
      <group name="regression">
        <method signature="ComputerTest.verifyProductAddedToShoppingCartSuccessFully()[pri:0, instance:com.nopcommerce.demo.testsuite.ComputerTest@704d6e83]" name="verifyProductAddedToShoppingCartSuccessFully" class="com.nopcommerce.demo.testsuite.ComputerTest"/>
        <method signature="ComputerTest.verifyProductArrangeInAlphaBaticalOrder()[pri:0, instance:com.nopcommerce.demo.testsuite.ComputerTest@704d6e83]" name="verifyProductArrangeInAlphaBaticalOrder" class="com.nopcommerce.demo.testsuite.ComputerTest"/>
        <method signature="ElectronicsPageTest.verifyThatTheProductAddedSuccessfullyAndPlaceOrderSuccessfully()[pri:0, instance:com.nopcommerce.demo.testsuite.ElectronicsPageTest@52525845]" name="verifyThatTheProductAddedSuccessfullyAndPlaceOrderSuccessfully" class="com.nopcommerce.demo.testsuite.ElectronicsPageTest"/>
        <method signature="ElectronicsPageTest.verifyUserShouldNavigateToCellPhonesPageSuccessfully()[pri:0, instance:com.nopcommerce.demo.testsuite.ElectronicsPageTest@52525845]" name="verifyUserShouldNavigateToCellPhonesPageSuccessfully" class="com.nopcommerce.demo.testsuite.ElectronicsPageTest"/>
        <method signature="HomePageTest.verifyPageNavigation()[pri:0, instance:com.nopcommerce.demo.testsuite.HomePageTest@4ae82894]" name="verifyPageNavigation" class="com.nopcommerce.demo.testsuite.HomePageTest"/>
      </group> <!-- regression -->
      <group name="smoke">
        <method signature="ComputerTest.verifyProductAddedToShoppingCartSuccessFully()[pri:0, instance:com.nopcommerce.demo.testsuite.ComputerTest@704d6e83]" name="verifyProductAddedToShoppingCartSuccessFully" class="com.nopcommerce.demo.testsuite.ComputerTest"/>
        <method signature="ElectronicsPageTest.verifyThatTheProductAddedSuccessfullyAndPlaceOrderSuccessfully()[pri:0, instance:com.nopcommerce.demo.testsuite.ElectronicsPageTest@52525845]" name="verifyThatTheProductAddedSuccessfullyAndPlaceOrderSuccessfully" class="com.nopcommerce.demo.testsuite.ElectronicsPageTest"/>
      </group> <!-- smoke -->
      <group name="sanit">
        <method signature="HomePageTest.verifyPageNavigation()[pri:0, instance:com.nopcommerce.demo.testsuite.HomePageTest@4ae82894]" name="verifyPageNavigation" class="com.nopcommerce.demo.testsuite.HomePageTest"/>
      </group> <!-- sanit -->
      <group name="sanity">
        <method signature="ComputerTest.verifyProductArrangeInAlphaBaticalOrder()[pri:0, instance:com.nopcommerce.demo.testsuite.ComputerTest@704d6e83]" name="verifyProductArrangeInAlphaBaticalOrder" class="com.nopcommerce.demo.testsuite.ComputerTest"/>
        <method signature="ElectronicsPageTest.verifyUserShouldNavigateToCellPhonesPageSuccessfully()[pri:0, instance:com.nopcommerce.demo.testsuite.ElectronicsPageTest@52525845]" name="verifyUserShouldNavigateToCellPhonesPageSuccessfully" class="com.nopcommerce.demo.testsuite.ElectronicsPageTest"/>
      </group> <!-- sanity -->
    </groups>
    <test name="Login Test" duration-ms="53872" started-at="2022-12-13T20:10:25 GMT" finished-at="2022-12-13T20:11:19 GMT">
      <class name="com.nopcommerce.demo.testsuite.ElectronicsPageTest">
        <test-method status="PASS" signature="setUp()[pri:0, instance:com.nopcommerce.demo.testsuite.ElectronicsPageTest@52525845]" name="setUp" is-config="true" duration-ms="2362" started-at="2022-12-13T20:10:48 GMT" finished-at="2022-12-13T20:10:51 GMT">
          <reporter-output>
          </reporter-output>
        </test-method> <!-- setUp -->
        <test-method status="PASS" signature="inIt()[pri:0, instance:com.nopcommerce.demo.testsuite.ElectronicsPageTest@52525845]" name="inIt" is-config="true" duration-ms="8" started-at="2022-12-13T20:10:51 GMT" finished-at="2022-12-13T20:10:51 GMT">
          <reporter-output>
          </reporter-output>
        </test-method> <!-- inIt -->
        <test-method status="FAIL" signature="verifyThatTheProductAddedSuccessfullyAndPlaceOrderSuccessfully()[pri:0, instance:com.nopcommerce.demo.testsuite.ElectronicsPageTest@52525845]" name="verifyThatTheProductAddedSuccessfullyAndPlaceOrderSuccessfully" duration-ms="19211" started-at="2022-12-13T20:10:51 GMT" finished-at="2022-12-13T20:11:10 GMT">
          <exception class="org.openqa.selenium.StaleElementReferenceException">
            <message>
              <![CDATA[stale element reference: element is not attached to the page document
  (Session info: chrome=108.0.5359.99)
For documentation on this error, please visit: https://selenium.dev/exceptions/#stale_element_reference
Build info: version: '4.6.0', revision: '79f1c02ae20'
System info: os.name: 'Windows 10', os.arch: 'amd64', os.version: '10.0', java.version: '1.8.0_121'
Driver info: org.openqa.selenium.chrome.ChromeDriver
Command: [7c8f4498fac7ce83393ea2279740b1a7, clickElement {id=e9c750ce-1a0c-4c3d-a8ab-fc359dc6f494}]
Capabilities {acceptInsecureCerts: false, browserName: chrome, browserVersion: 108.0.5359.99, chrome: {chromedriverVersion: 108.0.5359.71 (1e0e3868ee06..., userDataDir: C:\Users\Manisha\AppData\Lo...}, goog:chromeOptions: {debuggerAddress: localhost:52334}, networkConnectionEnabled: false, pageLoadStrategy: normal, platformName: WINDOWS, proxy: Proxy(), se:cdp: ws://localhost:52334/devtoo..., se:cdpVersion: 108.0.5359.99, setWindowRect: true, strictFileInteractability: false, timeouts: {implicit: 0, pageLoad: 300000, script: 30000}, unhandledPromptBehavior: dismiss and notify, webauthn:extension:credBlob: true, webauthn:extension:largeBlob: true, webauthn:virtualAuthenticators: true}
Element: [[ChromeDriver: chrome on WINDOWS (7c8f4498fac7ce83393ea2279740b1a7)] -> id: termsofservice]
Session ID: 7c8f4498fac7ce83393ea2279740b1a7]]>
            </message>
            <full-stacktrace>
              <![CDATA[org.openqa.selenium.StaleElementReferenceException: stale element reference: element is not attached to the page document
  (Session info: chrome=108.0.5359.99)
For documentation on this error, please visit: https://selenium.dev/exceptions/#stale_element_reference
Build info: version: '4.6.0', revision: '79f1c02ae20'
System info: os.name: 'Windows 10', os.arch: 'amd64', os.version: '10.0', java.version: '1.8.0_121'
Driver info: org.openqa.selenium.chrome.ChromeDriver
Command: [7c8f4498fac7ce83393ea2279740b1a7, clickElement {id=e9c750ce-1a0c-4c3d-a8ab-fc359dc6f494}]
Capabilities {acceptInsecureCerts: false, browserName: chrome, browserVersion: 108.0.5359.99, chrome: {chromedriverVersion: 108.0.5359.71 (1e0e3868ee06..., userDataDir: C:\Users\Manisha\AppData\Lo...}, goog:chromeOptions: {debuggerAddress: localhost:52334}, networkConnectionEnabled: false, pageLoadStrategy: normal, platformName: WINDOWS, proxy: Proxy(), se:cdp: ws://localhost:52334/devtoo..., se:cdpVersion: 108.0.5359.99, setWindowRect: true, strictFileInteractability: false, timeouts: {implicit: 0, pageLoad: 300000, script: 30000}, unhandledPromptBehavior: dismiss and notify, webauthn:extension:credBlob: true, webauthn:extension:largeBlob: true, webauthn:virtualAuthenticators: true}
Element: [[ChromeDriver: chrome on WINDOWS (7c8f4498fac7ce83393ea2279740b1a7)] -> id: termsofservice]
Session ID: 7c8f4498fac7ce83393ea2279740b1a7
at sun.reflect.NativeConstructorAccessorImpl.newInstance0(Native Method)
at sun.reflect.NativeConstructorAccessorImpl.newInstance(NativeConstructorAccessorImpl.java:62)
at sun.reflect.DelegatingConstructorAccessorImpl.newInstance(DelegatingConstructorAccessorImpl.java:45)
at java.lang.reflect.Constructor.newInstance(Constructor.java:423)
at org.openqa.selenium.remote.codec.w3c.W3CHttpResponseCodec.createException(W3CHttpResponseCodec.java:200)
at org.openqa.selenium.remote.codec.w3c.W3CHttpResponseCodec.decode(W3CHttpResponseCodec.java:133)
at org.openqa.selenium.remote.codec.w3c.W3CHttpResponseCodec.decode(W3CHttpResponseCodec.java:53)
at org.openqa.selenium.remote.HttpCommandExecutor.execute(HttpCommandExecutor.java:184)
at org.openqa.selenium.remote.service.DriverCommandExecutor.invokeExecute(DriverCommandExecutor.java:167)
at org.openqa.selenium.remote.service.DriverCommandExecutor.execute(DriverCommandExecutor.java:142)
at org.openqa.selenium.remote.RemoteWebDriver.execute(RemoteWebDriver.java:541)
at org.openqa.selenium.remote.RemoteWebElement.execute(RemoteWebElement.java:257)
at org.openqa.selenium.remote.RemoteWebElement.click(RemoteWebElement.java:78)
at sun.reflect.GeneratedMethodAccessor2.invoke(Unknown Source)
at sun.reflect.DelegatingMethodAccessorImpl.invoke(DelegatingMethodAccessorImpl.java:43)
at java.lang.reflect.Method.invoke(Method.java:498)
at org.openqa.selenium.support.pagefactory.internal.LocatingElementHandler.invoke(LocatingElementHandler.java:52)
at com.sun.proxy.$Proxy15.click(Unknown Source)
at com.nopcommerce.demo.utility.UtilityClass.clickOnElement(UtilityClass.java:52)
at com.nopcommerce.demo.pages.ShoppingCartPage.clickOnTermsOfService(ShoppingCartPage.java:93)
at com.nopcommerce.demo.testsuite.ElectronicsPageTest.verifyThatTheProductAddedSuccessfullyAndPlaceOrderSuccessfully(ElectronicsPageTest.java:89)
at sun.reflect.NativeMethodAccessorImpl.invoke0(Native Method)
at sun.reflect.NativeMethodAccessorImpl.invoke(NativeMethodAccessorImpl.java:62)
at sun.reflect.DelegatingMethodAccessorImpl.invoke(DelegatingMethodAccessorImpl.java:43)
at java.lang.reflect.Method.invoke(Method.java:498)
at org.testng.internal.invokers.MethodInvocationHelper.invokeMethod(MethodInvocationHelper.java:135)
at org.testng.internal.invokers.TestInvoker.invokeMethod(TestInvoker.java:673)
at org.testng.internal.invokers.TestInvoker.invokeTestMethod(TestInvoker.java:220)
at org.testng.internal.invokers.MethodRunner.runInSequence(MethodRunner.java:50)
at org.testng.internal.invokers.TestInvoker$MethodInvocationAgent.invoke(TestInvoker.java:945)
at org.testng.internal.invokers.TestInvoker.invokeTestMethods(TestInvoker.java:193)
at org.testng.internal.invokers.TestMethodWorker.invokeTestMethods(TestMethodWorker.java:146)
at org.testng.internal.invokers.TestMethodWorker.run(TestMethodWorker.java:128)
at java.util.ArrayList.forEach(ArrayList.java:1249)
at org.testng.TestRunner.privateRun(TestRunner.java:808)
at org.testng.TestRunner.run(TestRunner.java:603)
at org.testng.SuiteRunner.runTest(SuiteRunner.java:429)
at org.testng.SuiteRunner.runSequentially(SuiteRunner.java:423)
at org.testng.SuiteRunner.privateRun(SuiteRunner.java:383)
at org.testng.SuiteRunner.run(SuiteRunner.java:326)
at org.testng.SuiteRunnerWorker.runSuite(SuiteRunnerWorker.java:52)
at org.testng.SuiteRunnerWorker.run(SuiteRunnerWorker.java:95)
at org.testng.TestNG.runSuitesSequentially(TestNG.java:1249)
at org.testng.TestNG.runSuitesLocally(TestNG.java:1169)
at org.testng.TestNG.runSuites(TestNG.java:1092)
at org.testng.TestNG.run(TestNG.java:1060)
at com.intellij.rt.testng.IDEARemoteTestNG.run(IDEARemoteTestNG.java:66)
at com.intellij.rt.testng.RemoteTestNGStarter.main(RemoteTestNGStarter.java:109)
]]>
            </full-stacktrace>
          </exception> <!-- org.openqa.selenium.StaleElementReferenceException -->
          <reporter-output>
            <line>
              <![CDATA[Mouse hover on electronics[[ChromeDriver: chrome on WINDOWS (7c8f4498fac7ce83393ea2279740b1a7)] -> xpath: //div/ul[@class='top-menu notmobile']/li[2]/a[@href='/electronics']]]]>
            </line>
            <line>
              <![CDATA[click on cellphone[[ChromeDriver: chrome on WINDOWS (7c8f4498fac7ce83393ea2279740b1a7)] -> xpath: //body[1]/div[6]/div[2]/ul[1]/li[2]/ul[1]/li[2]/a[1]]]]>
            </line>
            <line>
              <![CDATA[Verify cellphone text[[ChromeDriver: chrome on WINDOWS (7c8f4498fac7ce83393ea2279740b1a7)] -> xpath: //div[@class='page-title']/h1[text() = 'Cell phones']]]]>
            </line>
            <line>
              <![CDATA[click on list[[ChromeDriver: chrome on WINDOWS (7c8f4498fac7ce83393ea2279740b1a7)] -> xpath: //div/a[text()='List']]]]>
            </line>
            <line>
              <![CDATA[click on nokia[[ChromeDriver: chrome on WINDOWS (7c8f4498fac7ce83393ea2279740b1a7)] -> xpath: //h2/a[text()='Nokia Lumia 1020']]]]>
            </line>
            <line>
              <![CDATA[Verify Nokia Lumia Text: [[ChromeDriver: chrome on WINDOWS (7c8f4498fac7ce83393ea2279740b1a7)] -> xpath: //h1[contains(text(),'Nokia Lumia 1020')]]]]>
            </line>
            <line>
              <![CDATA[Verify the price [[ChromeDriver: chrome on WINDOWS (7c8f4498fac7ce83393ea2279740b1a7)] -> xpath: //span[@id='price-value-20']]]]>
            </line>
            <line>
              <![CDATA[Update the product quantity [[ChromeDriver: chrome on WINDOWS (7c8f4498fac7ce83393ea2279740b1a7)] -> css selector: #product_enteredQuantity_20]]]>
            </line>
            <line>
              <![CDATA[Click on Nokia to cart [[ChromeDriver: chrome on WINDOWS (7c8f4498fac7ce83393ea2279740b1a7)] -> css selector: #add-to-cart-button-20]]]>
            </line>
            <line>
              <![CDATA[Verify the text product to the cart [[ChromeDriver: chrome on WINDOWS (7c8f4498fac7ce83393ea2279740b1a7)] -> xpath: //body/div[@id='bar-notification']/div[1]/p[1]]]]>
            </line>
            <line>
              <![CDATA[Click on cross button to cancel [[ChromeDriver: chrome on WINDOWS (7c8f4498fac7ce83393ea2279740b1a7)] -> xpath: //body/div[@id='bar-notification']/div[1]/span[1]]]]>
            </line>
            <line>
              <![CDATA[Mouse Hover to shopping cart [[ChromeDriver: chrome on WINDOWS (7c8f4498fac7ce83393ea2279740b1a7)] -> xpath: //span[contains(text(),'Shopping cart')]]]]>
            </line>
            <line>
              <![CDATA[Click on cart button [[ChromeDriver: chrome on WINDOWS (7c8f4498fac7ce83393ea2279740b1a7)] -> xpath: //button[contains(text(),'Go to cart')]]]]>
            </line>
            <line>
              <![CDATA[Verify shopping cart text: [[ChromeDriver: chrome on WINDOWS (7c8f4498fac7ce83393ea2279740b1a7)] -> xpath: //div[@class='page-title']/h1[contains(text(),'Shopping cart')]]]]>
            </line>
            <line>
              <![CDATA[Verify the product quantity[[ChromeDriver: chrome on WINDOWS (7c8f4498fac7ce83393ea2279740b1a7)] -> xpath: //td[@class='quantity']/child::input]]]>
            </line>
            <line>
              <![CDATA[Verify the total price: [[ChromeDriver: chrome on WINDOWS (7c8f4498fac7ce83393ea2279740b1a7)] -> xpath: //tbody/tr[1]/td[6]/span[1]]]]>
            </line>
            <line>
              <![CDATA[Click on term of services: [[ChromeDriver: chrome on WINDOWS (7c8f4498fac7ce83393ea2279740b1a7)] -> id: termsofservice]]]>
            </line>
            <line>
              <![CDATA[Click on checkout button [[ChromeDriver: chrome on WINDOWS (7c8f4498fac7ce83393ea2279740b1a7)] -> xpath: //button[@id='checkout']]]]>
            </line>
            <line>
              <![CDATA[Verify welcome text[[ChromeDriver: chrome on WINDOWS (7c8f4498fac7ce83393ea2279740b1a7)] -> xpath: //h1[text()='Welcome, Please Sign In!']]]]>
            </line>
            <line>
              <![CDATA[click on register tab[[ChromeDriver: chrome on WINDOWS (7c8f4498fac7ce83393ea2279740b1a7)] -> xpath: //button[contains(text(),'Register')]]]]>
            </line>
            <line>
              <![CDATA[Verify register text: [[ChromeDriver: chrome on WINDOWS (7c8f4498fac7ce83393ea2279740b1a7)] -> xpath: //h1[contains(text(),'Register')]]]]>
            </line>
            <line>
              <![CDATA[Enter the first name to field [[ChromeDriver: chrome on WINDOWS (7c8f4498fac7ce83393ea2279740b1a7)] -> id: FirstName]]]>
            </line>
            <line>
              <![CDATA[Enter the last name to field [[ChromeDriver: chrome on WINDOWS (7c8f4498fac7ce83393ea2279740b1a7)] -> id: LastName]]]>
            </line>
            <line>
              <![CDATA[Enter the email to email field [[ChromeDriver: chrome on WINDOWS (7c8f4498fac7ce83393ea2279740b1a7)] -> id: Email]]]>
            </line>
            <line>
              <![CDATA[Enter the password to password field [[ChromeDriver: chrome on WINDOWS (7c8f4498fac7ce83393ea2279740b1a7)] -> id: Password]]]>
            </line>
            <line>
              <![CDATA[Enter the confirm password [[ChromeDriver: chrome on WINDOWS (7c8f4498fac7ce83393ea2279740b1a7)] -> id: ConfirmPassword]]]>
            </line>
            <line>
              <![CDATA[Click in register button [[ChromeDriver: chrome on WINDOWS (7c8f4498fac7ce83393ea2279740b1a7)] -> id: register-button]]]>
            </line>
            <line>
              <![CDATA[Verify the registration [[ChromeDriver: chrome on WINDOWS (7c8f4498fac7ce83393ea2279740b1a7)] -> xpath: //div[contains(text(),'Your registration completed')]]]]>
            </line>
            <line>
              <![CDATA[Click on continue button [[ChromeDriver: chrome on WINDOWS (7c8f4498fac7ce83393ea2279740b1a7)] -> xpath: //a[contains(text(),'Continue')]]]]>
            </line>
            <line>
              <![CDATA[Click on term of services: [[ChromeDriver: chrome on WINDOWS (7c8f4498fac7ce83393ea2279740b1a7)] -> id: termsofservice]]]>
            </line>
            <line>
              <![CDATA[Click to see screenshot]]>
            </line>
            <line>
              <![CDATA[<a target = "_blank" href=C:\Users\Manisha\IdeaProjects\testng-nopcommerce-hw-weel15/test-output/html/verifyThatTheProductAddedSuccessfullyAndPlaceOrderSuccessfullyTue_Dec_13_20_11_10_GMT_2022.jpg>Screenshot</a>]]>
            </line>
            <line>
              <![CDATA[<br>]]>
            </line>
            <line>
              <![CDATA[<br>]]>
            </line>
            <line>
              <![CDATA[<a target = "_blank" href=C:\Users\Manisha\IdeaProjects\testng-nopcommerce-hw-weel15/test-output/html/verifyThatTheProductAddedSuccessfullyAndPlaceOrderSuccessfullyTue_Dec_13_20_11_10_GMT_2022.jpg><img src=C:\Users\Manisha\IdeaProjects\testng-nopcommerce-hw-weel15/test-output/html/verifyThatTheProductAddedSuccessfullyAndPlaceOrderSuccessfullyTue_Dec_13_20_11_10_GMT_2022.jpg height=200 width=200></img></a>]]>
            </line>
          </reporter-output>
        </test-method> <!-- verifyThatTheProductAddedSuccessfullyAndPlaceOrderSuccessfully -->
        <test-method status="PASS" signature="tearDown()[pri:0, instance:com.nopcommerce.demo.testsuite.ElectronicsPageTest@52525845]" name="tearDown" is-config="true" duration-ms="659" started-at="2022-12-13T20:11:10 GMT" finished-at="2022-12-13T20:11:11 GMT">
          <reporter-output>
          </reporter-output>
        </test-method> <!-- tearDown -->
        <test-method status="PASS" signature="setUp()[pri:0, instance:com.nopcommerce.demo.testsuite.ElectronicsPageTest@52525845]" name="setUp" is-config="true" duration-ms="1999" started-at="2022-12-13T20:11:11 GMT" finished-at="2022-12-13T20:11:13 GMT">
          <reporter-output>
          </reporter-output>
        </test-method> <!-- setUp -->
        <test-method status="PASS" signature="inIt()[pri:0, instance:com.nopcommerce.demo.testsuite.ElectronicsPageTest@52525845]" name="inIt" is-config="true" duration-ms="5" started-at="2022-12-13T20:11:13 GMT" finished-at="2022-12-13T20:11:13 GMT">
          <reporter-output>
          </reporter-output>
        </test-method> <!-- inIt -->
        <test-method status="PASS" signature="verifyUserShouldNavigateToCellPhonesPageSuccessfully()[pri:0, instance:com.nopcommerce.demo.testsuite.ElectronicsPageTest@52525845]" name="verifyUserShouldNavigateToCellPhonesPageSuccessfully" duration-ms="1376" started-at="2022-12-13T20:11:13 GMT" finished-at="2022-12-13T20:11:14 GMT">
          <reporter-output>
            <line>
              <![CDATA[Mouse hover on electronics[[ChromeDriver: chrome on WINDOWS (2d4dcd24451e2533771f90806ee8f441)] -> xpath: //div/ul[@class='top-menu notmobile']/li[2]/a[@href='/electronics']]]]>
            </line>
            <line>
              <![CDATA[click on cellphone[[ChromeDriver: chrome on WINDOWS (2d4dcd24451e2533771f90806ee8f441)] -> xpath: //body[1]/div[6]/div[2]/ul[1]/li[2]/ul[1]/li[2]/a[1]]]]>
            </line>
            <line>
              <![CDATA[Verify cellphone text[[ChromeDriver: chrome on WINDOWS (2d4dcd24451e2533771f90806ee8f441)] -> xpath: //div[@class='page-title']/h1[text() = 'Cell phones']]]]>
            </line>
          </reporter-output>
        </test-method> <!-- verifyUserShouldNavigateToCellPhonesPageSuccessfully -->
        <test-method status="PASS" signature="tearDown()[pri:0, instance:com.nopcommerce.demo.testsuite.ElectronicsPageTest@52525845]" name="tearDown" is-config="true" duration-ms="617" started-at="2022-12-13T20:11:14 GMT" finished-at="2022-12-13T20:11:15 GMT">
          <reporter-output>
          </reporter-output>
        </test-method> <!-- tearDown -->
      </class> <!-- com.nopcommerce.demo.testsuite.ElectronicsPageTest -->
      <class name="com.nopcommerce.demo.testsuite.HomePageTest">
        <test-method status="PASS" signature="setUp()[pri:0, instance:com.nopcommerce.demo.testsuite.HomePageTest@4ae82894]" name="setUp" is-config="true" duration-ms="2381" started-at="2022-12-13T20:11:15 GMT" finished-at="2022-12-13T20:11:17 GMT">
          <reporter-output>
          </reporter-output>
        </test-method> <!-- setUp -->
        <test-method status="PASS" signature="inIt()[pri:0, instance:com.nopcommerce.demo.testsuite.HomePageTest@4ae82894]" name="inIt" is-config="true" duration-ms="3" started-at="2022-12-13T20:11:17 GMT" finished-at="2022-12-13T20:11:17 GMT">
          <reporter-output>
          </reporter-output>
        </test-method> <!-- inIt -->
        <test-method status="PASS" signature="verifyPageNavigation()[pri:0, instance:com.nopcommerce.demo.testsuite.HomePageTest@4ae82894]" name="verifyPageNavigation" duration-ms="628" started-at="2022-12-13T20:11:17 GMT" finished-at="2022-12-13T20:11:18 GMT">
          <reporter-output>
          </reporter-output>
        </test-method> <!-- verifyPageNavigation -->
        <test-method status="PASS" signature="tearDown()[pri:0, instance:com.nopcommerce.demo.testsuite.HomePageTest@4ae82894]" name="tearDown" is-config="true" duration-ms="658" started-at="2022-12-13T20:11:18 GMT" finished-at="2022-12-13T20:11:19 GMT">
          <reporter-output>
          </reporter-output>
        </test-method> <!-- tearDown -->
      </class> <!-- com.nopcommerce.demo.testsuite.HomePageTest -->
      <class name="com.nopcommerce.demo.testsuite.ComputerTest">
        <test-method status="PASS" signature="setUp()[pri:0, instance:com.nopcommerce.demo.testsuite.ComputerTest@704d6e83]" name="setUp" is-config="true" duration-ms="3888" started-at="2022-12-13T20:10:25 GMT" finished-at="2022-12-13T20:10:29 GMT">
          <reporter-output>
          </reporter-output>
        </test-method> <!-- setUp -->
        <test-method status="PASS" signature="inIt()[pri:0, instance:com.nopcommerce.demo.testsuite.ComputerTest@704d6e83]" name="inIt" is-config="true" duration-ms="60" started-at="2022-12-13T20:10:29 GMT" finished-at="2022-12-13T20:10:29 GMT">
          <reporter-output>
          </reporter-output>
        </test-method> <!-- inIt -->
        <test-method status="PASS" signature="verifyProductAddedToShoppingCartSuccessFully()[pri:0, instance:com.nopcommerce.demo.testsuite.ComputerTest@704d6e83]" name="verifyProductAddedToShoppingCartSuccessFully" duration-ms="15058" started-at="2022-12-13T20:10:29 GMT" finished-at="2022-12-13T20:10:44 GMT">
          <reporter-output>
            <line>
              <![CDATA[Click on Desktop[[ChromeDriver: chrome on WINDOWS (a72c2f0b5f1ac0441ef2a7d6b974aa57)] -> link text: Desktops]]]>
            </line>
            <line>
              <![CDATA[Select by nameName: A to Z to name field [[ChromeDriver: chrome on WINDOWS (a72c2f0b5f1ac0441ef2a7d6b974aa57)] -> name: products-orderby]]]>
            </line>
            <line>
              <![CDATA[Click on Element[[ChromeDriver: chrome on WINDOWS (a72c2f0b5f1ac0441ef2a7d6b974aa57)] -> xpath: //body/div[6]/div[3]/div[1]/div[3]/div[1]/div[2]/div[2]/div[2]/div[1]/div[1]/div[1]/div[1]/div[2]/div[3]/div[2]/button[1]]]]>
            </line>
            <line>
              <![CDATA[Verify Text Build your own computer [[ChromeDriver: chrome on WINDOWS (a72c2f0b5f1ac0441ef2a7d6b974aa57)] -> xpath: //h1[contains(text(),'Build your own computer')]]]]>
            </line>
            <line>
              <![CDATA[select processor 1 to select processor field [[ChromeDriver: chrome on WINDOWS (a72c2f0b5f1ac0441ef2a7d6b974aa57)] -> name: product_attribute_1]]]>
            </line>
            <line>
              <![CDATA[Select Ram5 select ram field [[ChromeDriver: chrome on WINDOWS (a72c2f0b5f1ac0441ef2a7d6b974aa57)] -> name: product_attribute_2]]]>
            </line>
            <line>
              <![CDATA[Select HDD Radio Button[[ChromeDriver: chrome on WINDOWS (a72c2f0b5f1ac0441ef2a7d6b974aa57)] -> xpath: //input[@id='product_attribute_3_7']]]]>
            </line>
            <line>
              <![CDATA[Select OS Vista Primium[[ChromeDriver: chrome on WINDOWS (a72c2f0b5f1ac0441ef2a7d6b974aa57)] -> xpath: //input[@id='product_attribute_4_9']]]]>
            </line>
            <line>
              <![CDATA[Select Software [[ChromeDriver: chrome on WINDOWS (a72c2f0b5f1ac0441ef2a7d6b974aa57)] -> xpath: //input[@id='product_attribute_5_12']]]]>
            </line>
            <line>
              <![CDATA[Verify Price[[ChromeDriver: chrome on WINDOWS (a72c2f0b5f1ac0441ef2a7d6b974aa57)] -> xpath: //span[text() = '$1,475.00']]]]>
            </line>
            <line>
              <![CDATA[Click on Addcart Button[[ChromeDriver: chrome on WINDOWS (a72c2f0b5f1ac0441ef2a7d6b974aa57)] -> xpath: //button[@id='add-to-cart-button-1']]]]>
            </line>
            <line>
              <![CDATA[Verify message on greenbar[[ChromeDriver: chrome on WINDOWS (a72c2f0b5f1ac0441ef2a7d6b974aa57)] -> xpath: //body[1]/div[5]/div[1]/p[1]]]]>
            </line>
            <line>
              <![CDATA[Click on closebar[[ChromeDriver: chrome on WINDOWS (a72c2f0b5f1ac0441ef2a7d6b974aa57)] -> xpath: //body[1]/div[5]/div[1]/span[1]]]]>
            </line>
            <line>
              <![CDATA[Mouse hoover on shopping cart[[ChromeDriver: chrome on WINDOWS (a72c2f0b5f1ac0441ef2a7d6b974aa57)] -> xpath: //span[contains(text(),'Shopping cart')]]]]>
            </line>
            <line>
              <![CDATA[Click on shopping cart[[ChromeDriver: chrome on WINDOWS (a72c2f0b5f1ac0441ef2a7d6b974aa57)] -> xpath: //button[contains(text(),'Go to cart')]]]]>
            </line>
            <line>
              <![CDATA[Verify shopping cart text: [[ChromeDriver: chrome on WINDOWS (a72c2f0b5f1ac0441ef2a7d6b974aa57)] -> xpath: //div[@class='page-title']/h1[contains(text(),'Shopping cart')]]]]>
            </line>
            <line>
              <![CDATA[Update quantity ]]>
            </line>
            <line>
              <![CDATA[Update shopping cart: [[ChromeDriver: chrome on WINDOWS (a72c2f0b5f1ac0441ef2a7d6b974aa57)] -> xpath: //button[@id='updatecart']]]]>
            </line>
            <line>
              <![CDATA[Verify the total price: [[ChromeDriver: chrome on WINDOWS (a72c2f0b5f1ac0441ef2a7d6b974aa57)] -> xpath: //span[@class='product-subtotal'][text()='$2,950.00']]]]>
            </line>
            <line>
              <![CDATA[Click on the checkbox to accept terms:[[ChromeDriver: chrome on WINDOWS (a72c2f0b5f1ac0441ef2a7d6b974aa57)] -> id: termsofservice]]]>
            </line>
            <line>
              <![CDATA[Click on checkout button [[ChromeDriver: chrome on WINDOWS (a72c2f0b5f1ac0441ef2a7d6b974aa57)] -> xpath: //button[@id='checkout']]]]>
            </line>
            <line>
              <![CDATA[Verify welcome text[[ChromeDriver: chrome on WINDOWS (a72c2f0b5f1ac0441ef2a7d6b974aa57)] -> xpath: //h1[text()='Welcome, Please Sign In!']]]]>
            </line>
            <line>
              <![CDATA[Click on As guest button [[ChromeDriver: chrome on WINDOWS (a72c2f0b5f1ac0441ef2a7d6b974aa57)] -> xpath: //button[text()= 'Checkout as Guest']]]]>
            </line>
            <line>
              <![CDATA[Enter First name Jane to firstname field [[ChromeDriver: chrome on WINDOWS (a72c2f0b5f1ac0441ef2a7d6b974aa57)] -> id: BillingNewAddress_FirstName]]]>
            </line>
            <line>
              <![CDATA[Enter Lastname Taylor to lastname field [[ChromeDriver: chrome on WINDOWS (a72c2f0b5f1ac0441ef2a7d6b974aa57)] -> id: BillingNewAddress_LastName]]]>
            </line>
            <line>
              <![CDATA[Enter Email jane@example.com to Email field [[ChromeDriver: chrome on WINDOWS (a72c2f0b5f1ac0441ef2a7d6b974aa57)] -> id: BillingNewAddress_Email]]]>
            </line>
            <line>
              <![CDATA[Enter Country 233 to country field [[ChromeDriver: chrome on WINDOWS (a72c2f0b5f1ac0441ef2a7d6b974aa57)] -> id: BillingNewAddress_CountryId]]]>
            </line>
            <line>
              <![CDATA[Enter StateField 0 to State field [[ChromeDriver: chrome on WINDOWS (a72c2f0b5f1ac0441ef2a7d6b974aa57)] -> id: BillingNewAddress_StateProvinceId]]]>
            </line>
            <line>
              <![CDATA[Enter city London to city field [[ChromeDriver: chrome on WINDOWS (a72c2f0b5f1ac0441ef2a7d6b974aa57)] -> id: BillingNewAddress_City]]]>
            </line>
            <line>
              <![CDATA[Enter Address 4,Oxford Street to Address field [[ChromeDriver: chrome on WINDOWS (a72c2f0b5f1ac0441ef2a7d6b974aa57)] -> id: BillingNewAddress_Address1]]]>
            </line>
            <line>
              <![CDATA[Enter Zipcode W4 2AB to Zipcode field [[ChromeDriver: chrome on WINDOWS (a72c2f0b5f1ac0441ef2a7d6b974aa57)] -> id: BillingNewAddress_ZipPostalCode]]]>
            </line>
            <line>
              <![CDATA[Enter PhoneNumber 5665995116994 to Phonenumber field [[ChromeDriver: chrome on WINDOWS (a72c2f0b5f1ac0441ef2a7d6b974aa57)] -> id: BillingNewAddress_PhoneNumber]]]>
            </line>
            <line>
              <![CDATA[Click on checkout Button [[ChromeDriver: chrome on WINDOWS (a72c2f0b5f1ac0441ef2a7d6b974aa57)] -> xpath: //div[1]/button[4]]]]>
            </line>
            <line>
              <![CDATA[Click on radio button for next day air shipping: [[ChromeDriver: chrome on WINDOWS (a72c2f0b5f1ac0441ef2a7d6b974aa57)] -> id: shippingoption_1]]]>
            </line>
            <line>
              <![CDATA[Click on continue button [[ChromeDriver: chrome on WINDOWS (a72c2f0b5f1ac0441ef2a7d6b974aa57)] -> xpath: //body/div[6]/div[3]/div[1]/div[1]/div[1]/div[2]/ol[1]/li[3]/div[2]/form[1]/div[2]/button[1]]]]>
            </line>
            <line>
              <![CDATA[Click on credit card [[ChromeDriver: chrome on WINDOWS (a72c2f0b5f1ac0441ef2a7d6b974aa57)] -> css selector: #paymentmethod_1]]]>
            </line>
            <line>
              <![CDATA[Click on continue button [[ChromeDriver: chrome on WINDOWS (a72c2f0b5f1ac0441ef2a7d6b974aa57)] -> xpath: //ol[1]/li[4]/div[2]/div[1]/button[1]]]]>
            </line>
            <line>
              <![CDATA[Enter the cardholder name in name field [[ChromeDriver: chrome on WINDOWS (a72c2f0b5f1ac0441ef2a7d6b974aa57)] -> id: CardholderName]]]>
            </line>
            <line>
              <![CDATA[Enter the card number in number field [[ChromeDriver: chrome on WINDOWS (a72c2f0b5f1ac0441ef2a7d6b974aa57)] -> id: CardNumber]]]>
            </line>
            <line>
              <![CDATA[Select the expiry month from list [[ChromeDriver: chrome on WINDOWS (a72c2f0b5f1ac0441ef2a7d6b974aa57)] -> id: ExpireMonth]]]>
            </line>
            <line>
              <![CDATA[Select the expiry year from list [[ChromeDriver: chrome on WINDOWS (a72c2f0b5f1ac0441ef2a7d6b974aa57)] -> id: ExpireYear]]]>
            </line>
            <line>
              <![CDATA[Enter card code [[ChromeDriver: chrome on WINDOWS (a72c2f0b5f1ac0441ef2a7d6b974aa57)] -> id: CardCode]]]>
            </line>
            <line>
              <![CDATA[Click on continue button [[ChromeDriver: chrome on WINDOWS (a72c2f0b5f1ac0441ef2a7d6b974aa57)] -> xpath: //button[@class='button-1 payment-info-next-step-button']]]]>
            </line>
            <line>
              <![CDATA[Verify credit card payment method[[ChromeDriver: chrome on WINDOWS (a72c2f0b5f1ac0441ef2a7d6b974aa57)] -> xpath: //span[contains(text(),'Credit Card')]]]]>
            </line>
            <line>
              <![CDATA[Verify shipping method[[ChromeDriver: chrome on WINDOWS (a72c2f0b5f1ac0441ef2a7d6b974aa57)] -> xpath: //div[1]/div[2]/div[2]/ul[1]/li[1]/span[2]]]]>
            </line>
            <line>
              <![CDATA[verify total price[[ChromeDriver: chrome on WINDOWS (a72c2f0b5f1ac0441ef2a7d6b974aa57)] -> xpath: //tbody/tr[4]/td[2]/span[1]/strong[1]]]]>
            </line>
            <line>
              <![CDATA[click on confirm[[ChromeDriver: chrome on WINDOWS (a72c2f0b5f1ac0441ef2a7d6b974aa57)] -> xpath: //button[contains(text(),'Confirm')]]]]>
            </line>
            <line>
              <![CDATA[Verify Thank you Text [[ChromeDriver: chrome on WINDOWS (a72c2f0b5f1ac0441ef2a7d6b974aa57)] -> xpath: //h1[contains(text(),'Thank you')]]]]>
            </line>
            <line>
              <![CDATA[Verify success order text[[ChromeDriver: chrome on WINDOWS (a72c2f0b5f1ac0441ef2a7d6b974aa57)] -> xpath: //strong[contains(text(),'Your order has been successfully processed!')]]]]>
            </line>
            <line>
              <![CDATA[Click on continue [[ChromeDriver: chrome on WINDOWS (a72c2f0b5f1ac0441ef2a7d6b974aa57)] -> xpath: //button[contains(text(),'Continue')]]]]>
            </line>
            <line>
              <![CDATA[Verify welcome Text[[ChromeDriver: chrome on WINDOWS (a72c2f0b5f1ac0441ef2a7d6b974aa57)] -> xpath: //h2[contains(text(),'Welcome to our store')]]]]>
            </line>
          </reporter-output>
        </test-method> <!-- verifyProductAddedToShoppingCartSuccessFully -->
        <test-method status="PASS" signature="tearDown()[pri:0, instance:com.nopcommerce.demo.testsuite.ComputerTest@704d6e83]" name="tearDown" is-config="true" duration-ms="684" started-at="2022-12-13T20:10:44 GMT" finished-at="2022-12-13T20:10:45 GMT">
          <reporter-output>
          </reporter-output>
        </test-method> <!-- tearDown -->
        <test-method status="PASS" signature="setUp()[pri:0, instance:com.nopcommerce.demo.testsuite.ComputerTest@704d6e83]" name="setUp" is-config="true" duration-ms="1849" started-at="2022-12-13T20:10:45 GMT" finished-at="2022-12-13T20:10:47 GMT">
          <reporter-output>
          </reporter-output>
        </test-method> <!-- setUp -->
        <test-method status="PASS" signature="inIt()[pri:0, instance:com.nopcommerce.demo.testsuite.ComputerTest@704d6e83]" name="inIt" is-config="true" duration-ms="6" started-at="2022-12-13T20:10:47 GMT" finished-at="2022-12-13T20:10:47 GMT">
          <reporter-output>
          </reporter-output>
        </test-method> <!-- inIt -->
        <test-method status="PASS" signature="verifyProductArrangeInAlphaBaticalOrder()[pri:0, instance:com.nopcommerce.demo.testsuite.ComputerTest@704d6e83]" name="verifyProductArrangeInAlphaBaticalOrder" duration-ms="1194" started-at="2022-12-13T20:10:47 GMT" finished-at="2022-12-13T20:10:48 GMT">
          <reporter-output>
            <line>
              <![CDATA[Click on Desktop[[ChromeDriver: chrome on WINDOWS (7b73f2f9b522c4e521d9c32a36cd5124)] -> link text: Desktops]]]>
            </line>
            <line>
              <![CDATA[Select by nameName: Z to A to name field [[ChromeDriver: chrome on WINDOWS (7b73f2f9b522c4e521d9c32a36cd5124)] -> name: products-orderby]]]>
            </line>
          </reporter-output>
        </test-method> <!-- verifyProductArrangeInAlphaBaticalOrder -->
        <test-method status="PASS" signature="tearDown()[pri:0, instance:com.nopcommerce.demo.testsuite.ComputerTest@704d6e83]" name="tearDown" is-config="true" duration-ms="660" started-at="2022-12-13T20:10:48 GMT" finished-at="2022-12-13T20:10:48 GMT">
          <reporter-output>
          </reporter-output>
        </test-method> <!-- tearDown -->
      </class> <!-- com.nopcommerce.demo.testsuite.ComputerTest -->
    </test> <!-- Login Test -->
  </suite> <!-- testsuite -->
</testng-results>
